{"/Users/williamshackelford/Sites/trndyModel/spec/testspec.js":{"path":"/Users/williamshackelford/Sites/trndyModel/spec/testspec.js","s":{"1":1,"2":1,"3":1,"4":1,"5":1,"6":1,"7":1,"8":1,"9":1,"10":1,"11":1,"12":1,"13":1,"14":1,"15":1,"16":12,"17":1,"18":1,"19":1,"20":1,"21":1,"22":1,"23":1,"24":1,"25":1,"26":1,"27":1,"28":1,"29":1,"30":1,"31":1,"32":1,"33":1,"34":1,"35":1,"36":1,"37":1,"38":1,"39":1,"40":1,"41":1,"42":1,"43":1,"44":1,"45":1,"46":1,"47":1,"48":1,"49":1,"50":1,"51":1,"52":1,"53":1,"54":1,"55":1,"56":1,"57":1,"58":1,"59":1,"60":1,"61":16,"62":16,"63":16,"64":16,"65":1,"66":1,"67":1,"68":1,"69":1,"70":1,"71":1,"72":1,"73":1,"74":1,"75":1,"76":1,"77":1,"78":1,"79":1,"80":1,"81":1,"82":1,"83":1,"84":1,"85":1,"86":1,"87":1,"88":1,"89":1,"90":1,"91":1,"92":1,"93":1,"94":1,"95":1,"96":1,"97":1,"98":1,"99":1,"100":1,"101":1,"102":1,"103":1,"104":1,"105":1,"106":1,"107":1,"108":1,"109":1,"110":1,"111":1,"112":1,"113":1,"114":1,"115":1,"116":1,"117":1,"118":1,"119":1,"120":1,"121":1,"122":1,"123":1,"124":1,"125":1},"b":{},"f":{"1":1,"2":1,"3":1,"4":1,"5":1,"6":1,"7":12,"8":1,"9":1,"10":1,"11":1,"12":1,"13":1,"14":1,"15":1,"16":1,"17":1,"18":1,"19":1,"20":1,"21":16,"22":1,"23":1,"24":1,"25":1,"26":1,"27":1,"28":1,"29":1,"30":1,"31":1,"32":1,"33":1,"34":1,"35":1,"36":1,"37":1},"fnMap":{"1":{"name":"(anonymous_1)","line":8,"loc":{"start":{"line":8,"column":20},"end":{"line":8,"column":31}}},"2":{"name":"(anonymous_2)","line":9,"loc":{"start":{"line":9,"column":44},"end":{"line":9,"column":55}}},"3":{"name":"(anonymous_3)","line":14,"loc":{"start":{"line":14,"column":30},"end":{"line":14,"column":41}}},"4":{"name":"(anonymous_4)","line":15,"loc":{"start":{"line":15,"column":39},"end":{"line":15,"column":50}}},"5":{"name":"(anonymous_5)","line":18,"loc":{"start":{"line":18,"column":44},"end":{"line":18,"column":55}}},"6":{"name":"(anonymous_6)","line":23,"loc":{"start":{"line":23,"column":20},"end":{"line":23,"column":31}}},"7":{"name":"(anonymous_7)","line":26,"loc":{"start":{"line":26,"column":15},"end":{"line":26,"column":26}}},"8":{"name":"(anonymous_8)","line":29,"loc":{"start":{"line":29,"column":23},"end":{"line":29,"column":34}}},"9":{"name":"(anonymous_9)","line":32,"loc":{"start":{"line":32,"column":37},"end":{"line":32,"column":48}}},"10":{"name":"(anonymous_10)","line":35,"loc":{"start":{"line":35,"column":40},"end":{"line":35,"column":51}}},"11":{"name":"(anonymous_11)","line":38,"loc":{"start":{"line":38,"column":32},"end":{"line":38,"column":43}}},"12":{"name":"(anonymous_12)","line":41,"loc":{"start":{"line":41,"column":32},"end":{"line":41,"column":43}}},"13":{"name":"(anonymous_13)","line":44,"loc":{"start":{"line":44,"column":36},"end":{"line":44,"column":47}}},"14":{"name":"(anonymous_14)","line":47,"loc":{"start":{"line":47,"column":36},"end":{"line":47,"column":47}}},"15":{"name":"(anonymous_15)","line":50,"loc":{"start":{"line":50,"column":48},"end":{"line":50,"column":59}}},"16":{"name":"(anonymous_16)","line":57,"loc":{"start":{"line":57,"column":78},"end":{"line":57,"column":89}}},"17":{"name":"(anonymous_17)","line":62,"loc":{"start":{"line":62,"column":52},"end":{"line":62,"column":63}}},"18":{"name":"(anonymous_18)","line":69,"loc":{"start":{"line":69,"column":53},"end":{"line":69,"column":64}}},"19":{"name":"(anonymous_19)","line":85,"loc":{"start":{"line":85,"column":59},"end":{"line":85,"column":70}}},"20":{"name":"(anonymous_20)","line":95,"loc":{"start":{"line":95,"column":25},"end":{"line":95,"column":36}}},"21":{"name":"(anonymous_21)","line":100,"loc":{"start":{"line":100,"column":15},"end":{"line":100,"column":26}}},"22":{"name":"(anonymous_22)","line":112,"loc":{"start":{"line":112,"column":23},"end":{"line":112,"column":34}}},"23":{"name":"(anonymous_23)","line":115,"loc":{"start":{"line":115,"column":37},"end":{"line":115,"column":48}}},"24":{"name":"(anonymous_24)","line":118,"loc":{"start":{"line":118,"column":40},"end":{"line":118,"column":51}}},"25":{"name":"(anonymous_25)","line":121,"loc":{"start":{"line":121,"column":32},"end":{"line":121,"column":43}}},"26":{"name":"(anonymous_26)","line":124,"loc":{"start":{"line":124,"column":32},"end":{"line":124,"column":43}}},"27":{"name":"(anonymous_27)","line":127,"loc":{"start":{"line":127,"column":36},"end":{"line":127,"column":47}}},"28":{"name":"(anonymous_28)","line":130,"loc":{"start":{"line":130,"column":36},"end":{"line":130,"column":47}}},"29":{"name":"(anonymous_29)","line":133,"loc":{"start":{"line":133,"column":53},"end":{"line":133,"column":64}}},"30":{"name":"(anonymous_30)","line":140,"loc":{"start":{"line":140,"column":65},"end":{"line":140,"column":76}}},"31":{"name":"(anonymous_31)","line":149,"loc":{"start":{"line":149,"column":85},"end":{"line":149,"column":96}}},"32":{"name":"(anonymous_32)","line":157,"loc":{"start":{"line":157,"column":89},"end":{"line":157,"column":100}}},"33":{"name":"(anonymous_33)","line":169,"loc":{"start":{"line":169,"column":88},"end":{"line":169,"column":99}}},"34":{"name":"(anonymous_34)","line":190,"loc":{"start":{"line":190,"column":99},"end":{"line":190,"column":110}}},"35":{"name":"(anonymous_35)","line":211,"loc":{"start":{"line":211,"column":93},"end":{"line":211,"column":104}}},"36":{"name":"(anonymous_36)","line":233,"loc":{"start":{"line":233,"column":128},"end":{"line":233,"column":139}}},"37":{"name":"(anonymous_37)","line":255,"loc":{"start":{"line":255,"column":74},"end":{"line":255,"column":85}}}},"statementMap":{"1":{"start":{"line":3,"column":0},"end":{"line":3,"column":44}},"2":{"start":{"line":4,"column":0},"end":{"line":4,"column":31}},"3":{"start":{"line":5,"column":0},"end":{"line":5,"column":41}},"4":{"start":{"line":8,"column":0},"end":{"line":12,"column":3}},"5":{"start":{"line":9,"column":4},"end":{"line":11,"column":7}},"6":{"start":{"line":10,"column":8},"end":{"line":10,"column":32}},"7":{"start":{"line":14,"column":0},"end":{"line":21,"column":3}},"8":{"start":{"line":15,"column":4},"end":{"line":17,"column":7}},"9":{"start":{"line":16,"column":8},"end":{"line":16,"column":64}},"10":{"start":{"line":18,"column":4},"end":{"line":20,"column":7}},"11":{"start":{"line":19,"column":8},"end":{"line":19,"column":69}},"12":{"start":{"line":23,"column":0},"end":{"line":93,"column":3}},"13":{"start":{"line":24,"column":4},"end":{"line":24,"column":19}},"14":{"start":{"line":25,"column":4},"end":{"line":25,"column":25}},"15":{"start":{"line":26,"column":4},"end":{"line":28,"column":7}},"16":{"start":{"line":27,"column":8},"end":{"line":27,"column":33}},"17":{"start":{"line":29,"column":4},"end":{"line":31,"column":7}},"18":{"start":{"line":30,"column":8},"end":{"line":30,"column":56}},"19":{"start":{"line":32,"column":4},"end":{"line":34,"column":7}},"20":{"start":{"line":33,"column":8},"end":{"line":33,"column":66}},"21":{"start":{"line":35,"column":4},"end":{"line":37,"column":7}},"22":{"start":{"line":36,"column":8},"end":{"line":36,"column":69}},"23":{"start":{"line":38,"column":4},"end":{"line":40,"column":7}},"24":{"start":{"line":39,"column":8},"end":{"line":39,"column":62}},"25":{"start":{"line":41,"column":4},"end":{"line":43,"column":7}},"26":{"start":{"line":42,"column":8},"end":{"line":42,"column":62}},"27":{"start":{"line":44,"column":4},"end":{"line":46,"column":7}},"28":{"start":{"line":45,"column":8},"end":{"line":45,"column":65}},"29":{"start":{"line":47,"column":4},"end":{"line":49,"column":7}},"30":{"start":{"line":48,"column":8},"end":{"line":48,"column":65}},"31":{"start":{"line":50,"column":4},"end":{"line":56,"column":7}},"32":{"start":{"line":51,"column":8},"end":{"line":53,"column":11}},"33":{"start":{"line":54,"column":8},"end":{"line":54,"column":57}},"34":{"start":{"line":55,"column":8},"end":{"line":55,"column":41}},"35":{"start":{"line":57,"column":4},"end":{"line":61,"column":7}},"36":{"start":{"line":58,"column":8},"end":{"line":58,"column":42}},"37":{"start":{"line":59,"column":8},"end":{"line":59,"column":49}},"38":{"start":{"line":60,"column":8},"end":{"line":60,"column":42}},"39":{"start":{"line":62,"column":4},"end":{"line":68,"column":7}},"40":{"start":{"line":63,"column":8},"end":{"line":65,"column":11}},"41":{"start":{"line":66,"column":8},"end":{"line":66,"column":44}},"42":{"start":{"line":67,"column":8},"end":{"line":67,"column":49}},"43":{"start":{"line":69,"column":4},"end":{"line":84,"column":7}},"44":{"start":{"line":70,"column":8},"end":{"line":72,"column":11}},"45":{"start":{"line":73,"column":8},"end":{"line":76,"column":11}},"46":{"start":{"line":77,"column":8},"end":{"line":77,"column":53}},"47":{"start":{"line":78,"column":8},"end":{"line":81,"column":11}},"48":{"start":{"line":82,"column":8},"end":{"line":82,"column":44}},"49":{"start":{"line":83,"column":8},"end":{"line":83,"column":50}},"50":{"start":{"line":85,"column":4},"end":{"line":92,"column":7}},"51":{"start":{"line":86,"column":8},"end":{"line":88,"column":11}},"52":{"start":{"line":89,"column":8},"end":{"line":89,"column":48}},"53":{"start":{"line":90,"column":8},"end":{"line":90,"column":45}},"54":{"start":{"line":91,"column":8},"end":{"line":91,"column":44}},"55":{"start":{"line":95,"column":0},"end":{"line":263,"column":3}},"56":{"start":{"line":96,"column":4},"end":{"line":96,"column":20}},"57":{"start":{"line":97,"column":4},"end":{"line":97,"column":20}},"58":{"start":{"line":98,"column":4},"end":{"line":98,"column":20}},"59":{"start":{"line":99,"column":4},"end":{"line":99,"column":20}},"60":{"start":{"line":100,"column":4},"end":{"line":111,"column":7}},"61":{"start":{"line":101,"column":8},"end":{"line":103,"column":11}},"62":{"start":{"line":104,"column":8},"end":{"line":106,"column":11}},"63":{"start":{"line":107,"column":8},"end":{"line":109,"column":11}},"64":{"start":{"line":110,"column":8},"end":{"line":110,"column":39}},"65":{"start":{"line":112,"column":4},"end":{"line":114,"column":7}},"66":{"start":{"line":113,"column":8},"end":{"line":113,"column":57}},"67":{"start":{"line":115,"column":4},"end":{"line":117,"column":7}},"68":{"start":{"line":116,"column":8},"end":{"line":116,"column":72}},"69":{"start":{"line":118,"column":4},"end":{"line":120,"column":7}},"70":{"start":{"line":119,"column":8},"end":{"line":119,"column":70}},"71":{"start":{"line":121,"column":4},"end":{"line":123,"column":7}},"72":{"start":{"line":122,"column":8},"end":{"line":122,"column":63}},"73":{"start":{"line":124,"column":4},"end":{"line":126,"column":7}},"74":{"start":{"line":125,"column":8},"end":{"line":125,"column":63}},"75":{"start":{"line":127,"column":4},"end":{"line":129,"column":7}},"76":{"start":{"line":128,"column":8},"end":{"line":128,"column":66}},"77":{"start":{"line":130,"column":4},"end":{"line":132,"column":7}},"78":{"start":{"line":131,"column":8},"end":{"line":131,"column":66}},"79":{"start":{"line":133,"column":4},"end":{"line":139,"column":7}},"80":{"start":{"line":134,"column":8},"end":{"line":134,"column":54}},"81":{"start":{"line":135,"column":8},"end":{"line":137,"column":11}},"82":{"start":{"line":138,"column":8},"end":{"line":138,"column":41}},"83":{"start":{"line":140,"column":4},"end":{"line":148,"column":7}},"84":{"start":{"line":141,"column":8},"end":{"line":141,"column":37}},"85":{"start":{"line":142,"column":8},"end":{"line":142,"column":45}},"86":{"start":{"line":143,"column":8},"end":{"line":143,"column":57}},"87":{"start":{"line":144,"column":8},"end":{"line":144,"column":47}},"88":{"start":{"line":145,"column":8},"end":{"line":147,"column":11}},"89":{"start":{"line":149,"column":4},"end":{"line":156,"column":7}},"90":{"start":{"line":150,"column":8},"end":{"line":150,"column":37}},"91":{"start":{"line":151,"column":8},"end":{"line":151,"column":43}},"92":{"start":{"line":152,"column":8},"end":{"line":152,"column":55}},"93":{"start":{"line":153,"column":8},"end":{"line":155,"column":11}},"94":{"start":{"line":157,"column":4},"end":{"line":168,"column":7}},"95":{"start":{"line":158,"column":8},"end":{"line":158,"column":37}},"96":{"start":{"line":159,"column":8},"end":{"line":162,"column":11}},"97":{"start":{"line":163,"column":8},"end":{"line":166,"column":11}},"98":{"start":{"line":167,"column":8},"end":{"line":167,"column":44}},"99":{"start":{"line":169,"column":4},"end":{"line":189,"column":7}},"100":{"start":{"line":170,"column":8},"end":{"line":170,"column":37}},"101":{"start":{"line":171,"column":8},"end":{"line":184,"column":11}},"102":{"start":{"line":185,"column":8},"end":{"line":187,"column":11}},"103":{"start":{"line":188,"column":8},"end":{"line":188,"column":44}},"104":{"start":{"line":190,"column":4},"end":{"line":210,"column":7}},"105":{"start":{"line":191,"column":8},"end":{"line":204,"column":11}},"106":{"start":{"line":205,"column":8},"end":{"line":205,"column":51}},"107":{"start":{"line":206,"column":8},"end":{"line":208,"column":11}},"108":{"start":{"line":209,"column":8},"end":{"line":209,"column":45}},"109":{"start":{"line":211,"column":4},"end":{"line":232,"column":7}},"110":{"start":{"line":212,"column":8},"end":{"line":225,"column":11}},"111":{"start":{"line":226,"column":8},"end":{"line":226,"column":50}},"112":{"start":{"line":227,"column":8},"end":{"line":229,"column":11}},"113":{"start":{"line":230,"column":8},"end":{"line":230,"column":52}},"114":{"start":{"line":231,"column":8},"end":{"line":231,"column":44}},"115":{"start":{"line":233,"column":4},"end":{"line":254,"column":7}},"116":{"start":{"line":234,"column":8},"end":{"line":247,"column":11}},"117":{"start":{"line":248,"column":8},"end":{"line":248,"column":51}},"118":{"start":{"line":249,"column":8},"end":{"line":251,"column":11}},"119":{"start":{"line":252,"column":8},"end":{"line":252,"column":52}},"120":{"start":{"line":253,"column":8},"end":{"line":253,"column":45}},"121":{"start":{"line":255,"column":4},"end":{"line":262,"column":7}},"122":{"start":{"line":256,"column":8},"end":{"line":258,"column":11}},"123":{"start":{"line":259,"column":8},"end":{"line":259,"column":29}},"124":{"start":{"line":260,"column":8},"end":{"line":260,"column":46}},"125":{"start":{"line":261,"column":8},"end":{"line":261,"column":44}}},"branchMap":{}},"/Users/williamshackelford/Sites/trndyModel/dist/index.js":{"path":"/Users/williamshackelford/Sites/trndyModel/dist/index.js","s":{"1":1,"2":1,"3":0,"4":1,"5":1,"6":0,"7":0,"8":0,"9":1,"10":1,"11":1,"12":1,"13":3,"14":1,"15":1,"16":76,"17":76,"18":76,"19":76,"20":5,"21":5,"22":5,"23":76,"24":11,"25":76,"26":2,"27":1,"28":1,"29":1,"30":1,"31":76,"32":1,"33":1,"34":1,"35":76,"36":1,"37":16,"38":16,"39":16,"40":16,"41":6,"42":6,"43":6,"44":6,"45":0,"46":16,"47":23,"48":6,"49":17,"50":16,"51":6,"52":1,"53":1,"54":1,"55":1,"56":5,"57":4,"58":4,"59":4,"60":1,"61":16,"62":3,"63":1,"64":1,"65":1,"66":2,"67":1,"68":1,"69":1,"70":1,"71":16,"72":1,"73":1,"74":1},"b":{"1":[0,1],"2":[1,0],"3":[1,0],"4":[0,3],"5":[3,3],"6":[76,12],"7":[1,1],"8":[16,16],"9":[6,0],"10":[6,17],"11":[1,5],"12":[6,1,1,1],"13":[4,1],"14":[1,2],"15":[3,2,1],"16":[1,1]},"f":{"1":1,"2":1,"3":3,"4":1,"5":76,"6":76,"7":5,"8":11,"9":2,"10":1,"11":16,"12":16,"13":6,"14":23,"15":6,"16":3},"fnMap":{"1":{"name":"(anonymous_1)","line":1,"loc":{"start":{"line":1,"column":1},"end":{"line":1,"column":28}}},"2":{"name":"(anonymous_2)","line":13,"loc":{"start":{"line":13,"column":9},"end":{"line":13,"column":52}}},"3":{"name":"_interopRequireDefault","line":22,"loc":{"start":{"line":22,"column":4},"end":{"line":22,"column":41}}},"4":{"name":"(anonymous_4)","line":28,"loc":{"start":{"line":28,"column":5},"end":{"line":28,"column":38}}},"5":{"name":"Model","line":36,"loc":{"start":{"line":36,"column":20},"end":{"line":36,"column":46}}},"6":{"name":"(anonymous_6)","line":43,"loc":{"start":{"line":43,"column":30},"end":{"line":43,"column":42}}},"7":{"name":"(anonymous_7)","line":46,"loc":{"start":{"line":46,"column":23},"end":{"line":46,"column":39}}},"8":{"name":"(anonymous_8)","line":53,"loc":{"start":{"line":53,"column":23},"end":{"line":53,"column":35}}},"9":{"name":"(anonymous_9)","line":58,"loc":{"start":{"line":58,"column":26},"end":{"line":58,"column":48}}},"10":{"name":"(anonymous_10)","line":70,"loc":{"start":{"line":70,"column":26},"end":{"line":70,"column":38}}},"11":{"name":"Collection","line":84,"loc":{"start":{"line":84,"column":25},"end":{"line":84,"column":61}}},"12":{"name":"(anonymous_12)","line":91,"loc":{"start":{"line":91,"column":30},"end":{"line":91,"column":42}}},"13":{"name":"(anonymous_13)","line":94,"loc":{"start":{"line":94,"column":23},"end":{"line":94,"column":39}}},"14":{"name":"(anonymous_14)","line":106,"loc":{"start":{"line":106,"column":23},"end":{"line":106,"column":40}}},"15":{"name":"(anonymous_15)","line":116,"loc":{"start":{"line":116,"column":26},"end":{"line":116,"column":55}}},"16":{"name":"(anonymous_16)","line":133,"loc":{"start":{"line":133,"column":26},"end":{"line":133,"column":43}}}},"statementMap":{"1":{"start":{"line":1,"column":0},"end":{"line":161,"column":3}},"2":{"start":{"line":2,"column":4},"end":{"line":12,"column":5}},"3":{"start":{"line":3,"column":8},"end":{"line":3,"column":64}},"4":{"start":{"line":4,"column":11},"end":{"line":12,"column":5}},"5":{"start":{"line":5,"column":8},"end":{"line":5,"column":79}},"6":{"start":{"line":7,"column":8},"end":{"line":9,"column":10}},"7":{"start":{"line":10,"column":8},"end":{"line":10,"column":64}},"8":{"start":{"line":11,"column":8},"end":{"line":11,"column":35}},"9":{"start":{"line":16,"column":4},"end":{"line":16,"column":51}},"10":{"start":{"line":18,"column":4},"end":{"line":18,"column":47}},"11":{"start":{"line":20,"column":4},"end":{"line":20,"column":51}},"12":{"start":{"line":22,"column":4},"end":{"line":26,"column":5}},"13":{"start":{"line":23,"column":8},"end":{"line":25,"column":10}},"14":{"start":{"line":28,"column":4},"end":{"line":160,"column":59}},"15":{"start":{"line":36,"column":8},"end":{"line":78,"column":10}},"16":{"start":{"line":37,"column":12},"end":{"line":37,"column":29}},"17":{"start":{"line":40,"column":12},"end":{"line":40,"column":45}},"18":{"start":{"line":43,"column":12},"end":{"line":43,"column":45}},"19":{"start":{"line":46,"column":12},"end":{"line":50,"column":14}},"20":{"start":{"line":47,"column":16},"end":{"line":47,"column":39}},"21":{"start":{"line":48,"column":16},"end":{"line":48,"column":50}},"22":{"start":{"line":49,"column":16},"end":{"line":49,"column":28}},"23":{"start":{"line":53,"column":12},"end":{"line":55,"column":14}},"24":{"start":{"line":54,"column":16},"end":{"line":54,"column":39}},"25":{"start":{"line":58,"column":12},"end":{"line":67,"column":14}},"26":{"start":{"line":60,"column":16},"end":{"line":66,"column":17}},"27":{"start":{"line":61,"column":20},"end":{"line":61,"column":76}},"28":{"start":{"line":62,"column":20},"end":{"line":62,"column":54}},"29":{"start":{"line":63,"column":20},"end":{"line":63,"column":32}},"30":{"start":{"line":65,"column":20},"end":{"line":65,"column":33}},"31":{"start":{"line":70,"column":12},"end":{"line":74,"column":14}},"32":{"start":{"line":71,"column":16},"end":{"line":71,"column":37}},"33":{"start":{"line":72,"column":16},"end":{"line":72,"column":50}},"34":{"start":{"line":73,"column":16},"end":{"line":73,"column":28}},"35":{"start":{"line":77,"column":12},"end":{"line":77,"column":30}},"36":{"start":{"line":84,"column":8},"end":{"line":150,"column":10}},"37":{"start":{"line":85,"column":12},"end":{"line":85,"column":30}},"38":{"start":{"line":88,"column":12},"end":{"line":88,"column":55}},"39":{"start":{"line":91,"column":12},"end":{"line":91,"column":45}},"40":{"start":{"line":94,"column":12},"end":{"line":103,"column":14}},"41":{"start":{"line":96,"column":16},"end":{"line":102,"column":17}},"42":{"start":{"line":97,"column":20},"end":{"line":97,"column":53}},"43":{"start":{"line":98,"column":20},"end":{"line":98,"column":56}},"44":{"start":{"line":99,"column":20},"end":{"line":99,"column":32}},"45":{"start":{"line":101,"column":20},"end":{"line":101,"column":33}},"46":{"start":{"line":106,"column":12},"end":{"line":113,"column":14}},"47":{"start":{"line":108,"column":16},"end":{"line":112,"column":17}},"48":{"start":{"line":109,"column":20},"end":{"line":109,"column":56}},"49":{"start":{"line":111,"column":20},"end":{"line":111,"column":49}},"50":{"start":{"line":116,"column":12},"end":{"line":130,"column":14}},"51":{"start":{"line":118,"column":16},"end":{"line":129,"column":17}},"52":{"start":{"line":119,"column":20},"end":{"line":119,"column":122}},"53":{"start":{"line":120,"column":20},"end":{"line":120,"column":100}},"54":{"start":{"line":121,"column":20},"end":{"line":121,"column":56}},"55":{"start":{"line":122,"column":20},"end":{"line":122,"column":32}},"56":{"start":{"line":123,"column":23},"end":{"line":129,"column":17}},"57":{"start":{"line":124,"column":20},"end":{"line":124,"column":50}},"58":{"start":{"line":125,"column":20},"end":{"line":125,"column":56}},"59":{"start":{"line":126,"column":20},"end":{"line":126,"column":32}},"60":{"start":{"line":128,"column":20},"end":{"line":128,"column":33}},"61":{"start":{"line":133,"column":12},"end":{"line":146,"column":14}},"62":{"start":{"line":135,"column":16},"end":{"line":145,"column":17}},"63":{"start":{"line":136,"column":20},"end":{"line":136,"column":59}},"64":{"start":{"line":137,"column":20},"end":{"line":137,"column":56}},"65":{"start":{"line":138,"column":20},"end":{"line":138,"column":32}},"66":{"start":{"line":139,"column":23},"end":{"line":145,"column":17}},"67":{"start":{"line":140,"column":20},"end":{"line":140,"column":47}},"68":{"start":{"line":141,"column":20},"end":{"line":141,"column":56}},"69":{"start":{"line":142,"column":20},"end":{"line":142,"column":32}},"70":{"start":{"line":144,"column":20},"end":{"line":144,"column":33}},"71":{"start":{"line":149,"column":12},"end":{"line":149,"column":30}},"72":{"start":{"line":153,"column":8},"end":{"line":153,"column":43}},"73":{"start":{"line":154,"column":8},"end":{"line":154,"column":48}},"74":{"start":{"line":156,"column":8},"end":{"line":159,"column":10}}},"branchMap":{"1":{"line":2,"type":"if","locations":[{"start":{"line":2,"column":4},"end":{"line":2,"column":4}},{"start":{"line":2,"column":4},"end":{"line":2,"column":4}}]},"2":{"line":2,"type":"binary-expr","locations":[{"start":{"line":2,"column":8},"end":{"line":2,"column":36}},{"start":{"line":2,"column":40},"end":{"line":2,"column":50}}]},"3":{"line":4,"type":"if","locations":[{"start":{"line":4,"column":11},"end":{"line":4,"column":11}},{"start":{"line":4,"column":11},"end":{"line":4,"column":11}}]},"4":{"line":23,"type":"cond-expr","locations":[{"start":{"line":23,"column":39},"end":{"line":23,"column":42}},{"start":{"line":23,"column":45},"end":{"line":25,"column":9}}]},"5":{"line":23,"type":"binary-expr","locations":[{"start":{"line":23,"column":15},"end":{"line":23,"column":18}},{"start":{"line":23,"column":22},"end":{"line":23,"column":36}}]},"6":{"line":40,"type":"binary-expr","locations":[{"start":{"line":40,"column":29},"end":{"line":40,"column":38}},{"start":{"line":40,"column":42},"end":{"line":40,"column":44}}]},"7":{"line":60,"type":"if","locations":[{"start":{"line":60,"column":16},"end":{"line":60,"column":16}},{"start":{"line":60,"column":16},"end":{"line":60,"column":16}}]},"8":{"line":88,"type":"binary-expr","locations":[{"start":{"line":88,"column":34},"end":{"line":88,"column":48}},{"start":{"line":88,"column":52},"end":{"line":88,"column":54}}]},"9":{"line":96,"type":"if","locations":[{"start":{"line":96,"column":16},"end":{"line":96,"column":16}},{"start":{"line":96,"column":16},"end":{"line":96,"column":16}}]},"10":{"line":108,"type":"if","locations":[{"start":{"line":108,"column":16},"end":{"line":108,"column":16}},{"start":{"line":108,"column":16},"end":{"line":108,"column":16}}]},"11":{"line":118,"type":"if","locations":[{"start":{"line":118,"column":16},"end":{"line":118,"column":16}},{"start":{"line":118,"column":16},"end":{"line":118,"column":16}}]},"12":{"line":118,"type":"binary-expr","locations":[{"start":{"line":118,"column":20},"end":{"line":118,"column":33}},{"start":{"line":118,"column":37},"end":{"line":118,"column":47}},{"start":{"line":118,"column":51},"end":{"line":118,"column":79}},{"start":{"line":118,"column":83},"end":{"line":118,"column":121}}]},"13":{"line":123,"type":"if","locations":[{"start":{"line":123,"column":23},"end":{"line":123,"column":23}},{"start":{"line":123,"column":23},"end":{"line":123,"column":23}}]},"14":{"line":135,"type":"if","locations":[{"start":{"line":135,"column":16},"end":{"line":135,"column":16}},{"start":{"line":135,"column":16},"end":{"line":135,"column":16}}]},"15":{"line":135,"type":"binary-expr","locations":[{"start":{"line":135,"column":20},"end":{"line":135,"column":33}},{"start":{"line":135,"column":37},"end":{"line":135,"column":65}},{"start":{"line":135,"column":69},"end":{"line":135,"column":107}}]},"16":{"line":139,"type":"if","locations":[{"start":{"line":139,"column":23},"end":{"line":139,"column":23}},{"start":{"line":139,"column":23},"end":{"line":139,"column":23}}]}}}}