TN:
SF:/Users/williamshackelford/Sites/trndyModel/spec/testspec.js
FN:6,(anonymous_1)
FN:7,(anonymous_2)
FN:12,(anonymous_3)
FN:15,(anonymous_4)
FN:18,(anonymous_5)
FN:23,(anonymous_6)
FN:27,(anonymous_7)
FN:30,(anonymous_8)
FN:33,(anonymous_9)
FN:36,(anonymous_10)
FN:39,(anonymous_11)
FN:42,(anonymous_12)
FN:45,(anonymous_13)
FN:48,(anonymous_14)
FN:51,(anonymous_15)
FN:57,(anonymous_16)
FN:64,(anonymous_17)
FN:69,(anonymous_18)
FN:76,(anonymous_19)
FN:92,(anonymous_20)
FN:102,(anonymous_21)
FN:109,(anonymous_22)
FN:121,(anonymous_23)
FN:124,(anonymous_24)
FN:127,(anonymous_25)
FN:130,(anonymous_26)
FN:133,(anonymous_27)
FN:136,(anonymous_28)
FN:139,(anonymous_29)
FN:142,(anonymous_30)
FN:145,(anonymous_31)
FN:155,(anonymous_32)
FN:166,(anonymous_33)
FN:171,(anonymous_34)
FN:178,(anonymous_35)
FN:183,(anonymous_36)
FN:192,(anonymous_37)
FN:200,(anonymous_38)
FN:212,(anonymous_39)
FN:226,(anonymous_40)
FN:233,(anonymous_41)
FN:241,(anonymous_42)
FN:262,(anonymous_43)
FN:283,(anonymous_44)
FN:305,(anonymous_45)
FN:327,(anonymous_46)
FNF:46
FNH:46
FNDA:1,(anonymous_1)
FNDA:1,(anonymous_2)
FNDA:1,(anonymous_3)
FNDA:1,(anonymous_4)
FNDA:1,(anonymous_5)
FNDA:1,(anonymous_6)
FNDA:13,(anonymous_7)
FNDA:1,(anonymous_8)
FNDA:1,(anonymous_9)
FNDA:1,(anonymous_10)
FNDA:1,(anonymous_11)
FNDA:1,(anonymous_12)
FNDA:1,(anonymous_13)
FNDA:1,(anonymous_14)
FNDA:1,(anonymous_15)
FNDA:1,(anonymous_16)
FNDA:1,(anonymous_17)
FNDA:1,(anonymous_18)
FNDA:1,(anonymous_19)
FNDA:1,(anonymous_20)
FNDA:1,(anonymous_21)
FNDA:24,(anonymous_22)
FNDA:1,(anonymous_23)
FNDA:1,(anonymous_24)
FNDA:1,(anonymous_25)
FNDA:1,(anonymous_26)
FNDA:1,(anonymous_27)
FNDA:1,(anonymous_28)
FNDA:1,(anonymous_29)
FNDA:1,(anonymous_30)
FNDA:1,(anonymous_31)
FNDA:1,(anonymous_32)
FNDA:1,(anonymous_33)
FNDA:1,(anonymous_34)
FNDA:1,(anonymous_35)
FNDA:1,(anonymous_36)
FNDA:1,(anonymous_37)
FNDA:1,(anonymous_38)
FNDA:1,(anonymous_39)
FNDA:1,(anonymous_40)
FNDA:1,(anonymous_41)
FNDA:1,(anonymous_42)
FNDA:1,(anonymous_43)
FNDA:1,(anonymous_44)
FNDA:1,(anonymous_45)
FNDA:1,(anonymous_46)
DA:3,1
DA:6,1
DA:7,1
DA:8,1
DA:12,1
DA:13,1
DA:14,1
DA:15,1
DA:16,1
DA:18,1
DA:19,1
DA:23,1
DA:24,1
DA:25,1
DA:26,1
DA:27,1
DA:28,13
DA:30,1
DA:31,1
DA:33,1
DA:34,1
DA:36,1
DA:37,1
DA:39,1
DA:40,1
DA:42,1
DA:43,1
DA:45,1
DA:46,1
DA:48,1
DA:49,1
DA:51,1
DA:52,1
DA:55,1
DA:57,1
DA:58,1
DA:61,1
DA:62,1
DA:64,1
DA:65,1
DA:66,1
DA:67,1
DA:69,1
DA:70,1
DA:73,1
DA:74,1
DA:76,1
DA:77,1
DA:80,1
DA:84,1
DA:85,1
DA:89,1
DA:90,1
DA:92,1
DA:93,1
DA:96,1
DA:97,1
DA:98,1
DA:102,1
DA:103,1
DA:104,1
DA:105,1
DA:106,1
DA:107,1
DA:108,1
DA:109,1
DA:110,24
DA:113,24
DA:116,24
DA:119,24
DA:121,1
DA:122,1
DA:124,1
DA:125,1
DA:127,1
DA:128,1
DA:130,1
DA:131,1
DA:133,1
DA:134,1
DA:136,1
DA:137,1
DA:139,1
DA:140,1
DA:142,1
DA:143,1
DA:145,1
DA:146,1
DA:151,1
DA:155,1
DA:156,1
DA:161,1
DA:164,1
DA:166,1
DA:167,1
DA:168,1
DA:169,1
DA:171,1
DA:172,1
DA:173,1
DA:176,1
DA:178,1
DA:179,1
DA:180,1
DA:181,1
DA:183,1
DA:184,1
DA:185,1
DA:186,1
DA:187,1
DA:188,1
DA:192,1
DA:193,1
DA:194,1
DA:195,1
DA:196,1
DA:200,1
DA:201,1
DA:202,1
DA:206,1
DA:210,1
DA:212,1
DA:213,1
DA:216,1
DA:220,1
DA:224,1
DA:226,1
DA:227,1
DA:228,1
DA:229,1
DA:230,1
DA:232,1
DA:234,1
DA:235,1
DA:236,1
DA:239,1
DA:241,1
DA:242,1
DA:243,1
DA:257,1
DA:260,1
DA:262,1
DA:263,1
DA:277,1
DA:278,1
DA:281,1
DA:283,1
DA:284,1
DA:298,1
DA:299,1
DA:302,1
DA:303,1
DA:305,1
DA:306,1
DA:320,1
DA:321,1
DA:324,1
DA:325,1
DA:327,1
DA:328,1
DA:331,1
DA:332,1
DA:333,1
LF:163
LH:163
BRF:0
BRH:0
end_of_record
TN:
SF:/Users/williamshackelford/Sites/trndyModel/dist/index.js
FN:1,(anonymous_1)
FN:13,(anonymous_2)
FN:22,_interopRequireDefault
FN:28,(anonymous_4)
FN:36,Model
FN:47,(anonymous_6)
FN:50,(anonymous_7)
FN:61,(anonymous_8)
FN:66,(anonymous_9)
FN:78,(anonymous_10)
FN:92,Collection
FN:103,(anonymous_12)
FN:106,(anonymous_13)
FN:118,(anonymous_14)
FN:130,(anonymous_15)
FN:140,(anonymous_16)
FN:174,(anonymous_17)
FNF:17
FNH:17
FNDA:1,(anonymous_1)
FNDA:1,(anonymous_2)
FNDA:3,_interopRequireDefault
FNDA:1,(anonymous_4)
FNDA:102,Model
FNDA:102,(anonymous_6)
FNDA:5,(anonymous_7)
FNDA:10,(anonymous_8)
FNDA:2,(anonymous_9)
FNDA:1,(anonymous_10)
FNDA:25,Collection
FNDA:25,(anonymous_12)
FNDA:2,(anonymous_13)
FNDA:10,(anonymous_14)
FNDA:32,(anonymous_15)
FNDA:9,(anonymous_16)
FNDA:3,(anonymous_17)
DA:1,1
DA:2,1
DA:3,0
DA:4,1
DA:5,1
DA:7,0
DA:10,0
DA:11,0
DA:16,1
DA:18,1
DA:20,1
DA:22,1
DA:23,3
DA:28,1
DA:36,1
DA:37,102
DA:40,102
DA:41,89
DA:43,13
DA:47,102
DA:50,102
DA:51,5
DA:52,4
DA:53,4
DA:54,4
DA:56,1
DA:61,102
DA:62,10
DA:66,102
DA:68,2
DA:69,1
DA:70,1
DA:71,1
DA:73,1
DA:78,102
DA:79,1
DA:80,1
DA:81,1
DA:85,102
DA:92,1
DA:93,25
DA:96,25
DA:97,1
DA:99,24
DA:103,25
DA:106,25
DA:108,2
DA:109,1
DA:110,1
DA:111,1
DA:113,1
DA:118,25
DA:120,10
DA:121,9
DA:122,9
DA:123,9
DA:125,1
DA:130,25
DA:132,32
DA:133,9
DA:135,23
DA:140,25
DA:142,9
DA:145,4
DA:147,1
DA:148,1
DA:149,1
DA:150,1
DA:153,3
DA:154,1
DA:155,1
DA:156,1
DA:157,2
DA:158,1
DA:159,1
DA:160,1
DA:162,1
DA:164,5
DA:165,4
DA:166,4
DA:167,4
DA:169,1
DA:174,25
DA:176,3
DA:177,1
DA:178,1
DA:179,1
DA:180,2
DA:181,1
DA:182,1
DA:183,1
DA:185,1
DA:190,25
DA:194,1
DA:195,1
DA:197,1
LF:96
LH:92
BRDA:2,1,0,0
BRDA:2,1,1,1
BRDA:2,2,0,1
BRDA:2,2,1,0
BRDA:4,3,0,1
BRDA:4,3,1,0
BRDA:23,4,0,0
BRDA:23,4,1,3
BRDA:23,5,0,3
BRDA:23,5,1,3
BRDA:40,6,0,89
BRDA:40,6,1,13
BRDA:40,7,0,102
BRDA:40,7,1,89
BRDA:51,8,0,4
BRDA:51,8,1,1
BRDA:51,9,0,5
BRDA:51,9,1,4
BRDA:68,10,0,1
BRDA:68,10,1,1
BRDA:68,11,0,2
BRDA:68,11,1,1
BRDA:96,12,0,1
BRDA:96,12,1,24
BRDA:96,13,0,25
BRDA:96,13,1,1
BRDA:108,14,0,1
BRDA:108,14,1,1
BRDA:120,15,0,9
BRDA:120,15,1,1
BRDA:132,16,0,9
BRDA:132,16,1,23
BRDA:142,17,0,4
BRDA:142,17,1,5
BRDA:142,18,0,9
BRDA:142,18,1,4
BRDA:145,19,0,1
BRDA:145,19,1,3
BRDA:145,20,0,4
BRDA:145,20,1,2
BRDA:153,21,0,1
BRDA:153,21,1,2
BRDA:153,22,0,3
BRDA:153,22,1,1
BRDA:157,23,0,1
BRDA:157,23,1,1
BRDA:164,24,0,4
BRDA:164,24,1,1
BRDA:176,25,0,1
BRDA:176,25,1,2
BRDA:176,26,0,3
BRDA:176,26,1,2
BRDA:180,27,0,1
BRDA:180,27,1,1
BRF:54
BRH:50
end_of_record
