TN:
SF:/Users/williamshackelford/Sites/trndyModel/spec/testspec.js
FN:8,(anonymous_1)
FN:9,(anonymous_2)
FN:14,(anonymous_3)
FN:15,(anonymous_4)
FN:18,(anonymous_5)
FN:23,(anonymous_6)
FN:26,(anonymous_7)
FN:29,(anonymous_8)
FN:32,(anonymous_9)
FN:35,(anonymous_10)
FN:38,(anonymous_11)
FN:41,(anonymous_12)
FN:44,(anonymous_13)
FN:47,(anonymous_14)
FN:50,(anonymous_15)
FN:56,(anonymous_16)
FN:63,(anonymous_17)
FN:76,(anonymous_18)
FN:85,(anonymous_19)
FN:90,(anonymous_20)
FN:102,(anonymous_21)
FN:105,(anonymous_22)
FN:108,(anonymous_23)
FN:111,(anonymous_24)
FN:114,(anonymous_25)
FN:117,(anonymous_26)
FN:120,(anonymous_27)
FN:123,(anonymous_28)
FN:129,(anonymous_29)
FN:138,(anonymous_30)
FN:146,(anonymous_31)
FN:157,(anonymous_32)
FN:177,(anonymous_33)
FN:198,(anonymous_34)
FNF:34
FNH:34
FNDA:1,(anonymous_1)
FNDA:1,(anonymous_2)
FNDA:1,(anonymous_3)
FNDA:1,(anonymous_4)
FNDA:1,(anonymous_5)
FNDA:1,(anonymous_6)
FNDA:11,(anonymous_7)
FNDA:1,(anonymous_8)
FNDA:1,(anonymous_9)
FNDA:1,(anonymous_10)
FNDA:1,(anonymous_11)
FNDA:1,(anonymous_12)
FNDA:1,(anonymous_13)
FNDA:1,(anonymous_14)
FNDA:1,(anonymous_15)
FNDA:1,(anonymous_16)
FNDA:1,(anonymous_17)
FNDA:1,(anonymous_18)
FNDA:1,(anonymous_19)
FNDA:14,(anonymous_20)
FNDA:1,(anonymous_21)
FNDA:1,(anonymous_22)
FNDA:1,(anonymous_23)
FNDA:1,(anonymous_24)
FNDA:1,(anonymous_25)
FNDA:1,(anonymous_26)
FNDA:1,(anonymous_27)
FNDA:1,(anonymous_28)
FNDA:1,(anonymous_29)
FNDA:1,(anonymous_30)
FNDA:1,(anonymous_31)
FNDA:1,(anonymous_32)
FNDA:1,(anonymous_33)
FNDA:1,(anonymous_34)
DA:3,1
DA:4,1
DA:5,1
DA:8,1
DA:9,1
DA:10,1
DA:14,1
DA:15,1
DA:16,1
DA:18,1
DA:19,1
DA:23,1
DA:24,1
DA:25,1
DA:26,1
DA:27,11
DA:29,1
DA:30,1
DA:32,1
DA:33,1
DA:35,1
DA:36,1
DA:38,1
DA:39,1
DA:41,1
DA:42,1
DA:44,1
DA:45,1
DA:47,1
DA:48,1
DA:50,1
DA:51,1
DA:54,1
DA:56,1
DA:57,1
DA:60,1
DA:61,1
DA:63,1
DA:64,1
DA:67,1
DA:71,1
DA:76,1
DA:77,1
DA:80,1
DA:81,1
DA:85,1
DA:86,1
DA:87,1
DA:88,1
DA:89,1
DA:90,1
DA:91,14
DA:94,14
DA:97,14
DA:100,14
DA:102,1
DA:103,1
DA:105,1
DA:106,1
DA:108,1
DA:109,1
DA:111,1
DA:112,1
DA:114,1
DA:115,1
DA:117,1
DA:118,1
DA:120,1
DA:121,1
DA:123,1
DA:124,1
DA:125,1
DA:129,1
DA:130,1
DA:131,1
DA:132,1
DA:133,1
DA:134,1
DA:138,1
DA:139,1
DA:140,1
DA:141,1
DA:142,1
DA:146,1
DA:147,1
DA:148,1
DA:152,1
DA:157,1
DA:158,1
DA:159,1
DA:173,1
DA:177,1
DA:178,1
DA:192,1
DA:193,1
DA:196,1
DA:198,1
DA:199,1
DA:202,1
DA:203,1
LF:100
LH:100
BRF:0
BRH:0
end_of_record
TN:
SF:/Users/williamshackelford/Sites/trndyModel/dist/index.js
FN:1,(anonymous_1)
FN:13,(anonymous_2)
FN:22,_interopRequireDefault
FN:28,(anonymous_4)
FN:36,Model
FN:43,(anonymous_6)
FN:46,(anonymous_7)
FN:53,(anonymous_8)
FN:58,(anonymous_9)
FN:70,(anonymous_10)
FN:84,Collection
FN:91,(anonymous_12)
FN:94,(anonymous_13)
FN:106,(anonymous_14)
FN:116,(anonymous_15)
FN:132,(anonymous_16)
FNF:16
FNH:16
FNDA:1,(anonymous_1)
FNDA:1,(anonymous_2)
FNDA:3,_interopRequireDefault
FNDA:1,(anonymous_4)
FNDA:61,Model
FNDA:61,(anonymous_6)
FNDA:4,(anonymous_7)
FNDA:10,(anonymous_8)
FNDA:1,(anonymous_9)
FNDA:1,(anonymous_10)
FNDA:14,Collection
FNDA:14,(anonymous_12)
FNDA:6,(anonymous_13)
FNDA:18,(anonymous_14)
FNDA:3,(anonymous_15)
FNDA:2,(anonymous_16)
DA:1,1
DA:2,1
DA:3,0
DA:4,1
DA:5,1
DA:7,0
DA:10,0
DA:11,0
DA:16,1
DA:18,1
DA:20,1
DA:22,1
DA:23,3
DA:28,1
DA:36,1
DA:37,61
DA:40,61
DA:43,61
DA:46,61
DA:47,4
DA:48,4
DA:49,4
DA:53,61
DA:54,10
DA:58,61
DA:60,1
DA:61,1
DA:62,1
DA:63,1
DA:65,0
DA:70,61
DA:71,1
DA:72,1
DA:73,1
DA:77,61
DA:84,1
DA:85,14
DA:88,14
DA:91,14
DA:94,14
DA:96,6
DA:97,6
DA:98,6
DA:99,6
DA:101,0
DA:106,14
DA:108,18
DA:109,4
DA:111,14
DA:116,14
DA:118,3
DA:119,1
DA:120,1
DA:121,1
DA:122,1
DA:123,2
DA:124,2
DA:125,2
DA:127,0
DA:132,14
DA:134,2
DA:135,1
DA:136,1
DA:137,1
DA:139,1
DA:140,1
DA:141,1
DA:146,14
DA:150,1
DA:151,1
DA:153,1
LF:71
LH:64
BRDA:2,1,0,0
BRDA:2,1,1,1
BRDA:2,2,0,1
BRDA:2,2,1,0
BRDA:4,3,0,1
BRDA:4,3,1,0
BRDA:23,4,0,0
BRDA:23,4,1,3
BRDA:23,5,0,3
BRDA:23,5,1,3
BRDA:40,6,0,61
BRDA:40,6,1,11
BRDA:60,7,0,1
BRDA:60,7,1,0
BRDA:88,8,0,14
BRDA:88,8,1,14
BRDA:96,9,0,6
BRDA:96,9,1,0
BRDA:108,10,0,4
BRDA:108,10,1,14
BRDA:118,11,0,1
BRDA:118,11,1,2
BRDA:118,12,0,3
BRDA:118,12,1,1
BRDA:118,12,2,1
BRDA:118,12,3,1
BRDA:123,13,0,2
BRDA:123,13,1,0
BRDA:134,14,0,1
BRDA:134,14,1,1
BRDA:134,15,0,2
BRDA:134,15,1,1
BRDA:134,15,2,1
BRF:33
BRH:26
end_of_record
